<?xml version="1.0" encoding="UTF-8"?>
<!-- Generated by org.testng.reporters.JUnitReportReporter -->
<testsuite hostname="DESKTOP-IU48NFJ" name="com.MavenActitime.CreatecustomerTest.CustomerTest" tests="1" failures="0" timestamp="1 Jan 2019 21:25:35 GMT" time="31.812" errors="0">
  <testcase name="Createcustomertest" time="31.812" classname="com.MavenActitime.CreatecustomerTest.CustomerTest"/>
</testsuite> <!-- com.MavenActitime.CreatecustomerTest.CustomerTest -->
